<?xml version="1.0" encoding="UTF-8"?>
<testsuite name="JUnit Jupiter" tests="1" skipped="0" failures="0" errors="0" time="0.068" hostname="akaimoPro.local" timestamp="2017-12-06T18:39:53">
<properties>
[...]
</properties>
<testcase name="sample()" classname="code.example.HelloWorldTest" time="0.011">
<system-out><![CDATA[
unique-id: [engine:junit-jupiter]/[class:code.example.HelloWorldTest]/[method:sample()]
display-name: sample()
]]></system-out>
</testcase>
<system-out><![CDATA[
unique-id: [engine:junit-jupiter]
display-name: JUnit Jupiter
]]></system-out>
</testsuite>
